<?xml version="1.0" encoding="UTF-8"?>
<!-- Generated by org.testng.reporters.JUnitReportReporter -->
<testsuite skipped="0" hostname="LAPTOP-P21V2V2M" name="WebTesting.WebTestCases" tests="4" failures="0" timestamp="28 Nov 2018 01:16:35 GMT" time="3.449" errors="0">
  <testcase name="navigateToWeb" time="3.281" classname="WebTesting.WebTestCases"/>
  <testcase name="validateUsersTableDisplayed" time="0.168" classname="WebTesting.WebTestCases"/>
  <testcase name="showAddScreen" time="0.000" classname="WebTesting.WebTestCases"/>
  <testcase name="addUsers" time="0.000" classname="WebTesting.WebTestCases"/>
</testsuite> <!-- WebTesting.WebTestCases -->
